C51 COMPILER V9.60.0.0   CHAOSHENGBO                                                       02/10/2022 18:08:48 PAGE 1   


C51 COMPILER V9.60.0.0, COMPILATION OF MODULE CHAOSHENGBO
OBJECT MODULE PLACED IN .\Objects\chaoshengbo.obj
COMPILER INVOKED BY: D:\Keil_v5\C51\BIN\C51.EXE chaoshengbo.c OPTIMIZE(8,SPEED) BROWSE DEBUG OBJECTEXTEND PRINT(.\Listin
                    -gs\chaoshengbo.lst) TABS(2) OBJECT(.\Objects\chaoshengbo.obj)

line level    source

   1          #include <REGX52.H>
   2          #include <intrins.h>
   3          #include "car.h"
   4          
   5          sbit Trig = P2^1;   //超声波测距发射端位点
   6          sbit Echo = P2^2;   //超声波测距接收端位点
   7          
   8          unsigned int sum;    //超声波测距结果
   9          unsigned int mindistance = 20;  //小车与障碍物的限制距离
  10          
  11          void Delay1000ms()    //@11.0592MHz
  12          {
  13   1        unsigned char i, j, k;
  14   1      
  15   1        _nop_();
  16   1        i = 8;
  17   1        j = 1;
  18   1        k = 243;
  19   1        do
  20   1        {
  21   2          do
  22   2          {
  23   3            while (--k);
  24   3          } while (--j);
  25   2        } while (--i);
  26   1      }
  27          
  28          
  29          void Delay20us()    //@11.0592MHz  （延时20us）
  30          {
  31   1        unsigned char i;
  32   1      
  33   1        _nop_();
  34   1        i = 6;
  35   1        while (--i);
  36   1      }
  37          void chaoshengbo ()  //超声波测距程序
  38          {
  39   1        
  40   1      //  T2MOD = 0;    //初始化模式寄存器
  41   1      //  T2CON = 0;    //初始化控制寄存器
  42   1      //  TL2 = 0;    //设置定时初始值
  43   1      //  TH2 = 0;    //设置定时初始值
  44   1      //  RCAP2L = 0;   //设置定时重载值
  45   1      //  RCAP2H = 0;   //设置定时重载值
  46   1      
  47   1        TMOD = 0x11;    //设置定时器模式
  48   1        TL1 = 0;    //设置定时初始值
  49   1        TH1 = 0;    //设置定时初始值
  50   1      
  51   1        
  52   1        Trig = 1;   //发射一段脉冲，至少20us
  53   1        Delay20us();
  54   1        Trig = 0;
C51 COMPILER V9.60.0.0   CHAOSHENGBO                                                       02/10/2022 18:08:48 PAGE 2   

  55   1        
  56   1        while(!Echo);  //等待超声波模块的返回脉冲
  57   1        TR1 = 1;       //打开定时器1
  58   1        while(Echo);   //等待超声波模块返回脉冲结束
  59   1        TR1 = 0;       //停止定时器1，计时结束
  60   1      
  61   1        sum = ((TH1*256+TL1)*0.034)/2+1;  //计算距离
  62   1        
  63   1        if(mindistance > sum)
  64   1        {
  65   2          car_stop ();
  66   2          Delay1000ms();
  67   2        }
  68   1      }


MODULE INFORMATION:   STATIC OVERLAYABLE
   CODE SIZE        =    118    ----
   CONSTANT SIZE    =   ----    ----
   XDATA SIZE       =   ----    ----
   PDATA SIZE       =   ----    ----
   DATA SIZE        =      4    ----
   IDATA SIZE       =   ----    ----
   BIT SIZE         =   ----    ----
END OF MODULE INFORMATION.


C51 COMPILATION COMPLETE.  0 WARNING(S),  0 ERROR(S)
