C51 COMPILER V9.60.0.0   MOTOR                                                             02/07/2022 11:32:17 PAGE 1   


C51 COMPILER V9.60.0.0, COMPILATION OF MODULE MOTOR
OBJECT MODULE PLACED IN .\Objects\motor.obj
COMPILER INVOKED BY: D:\Keil_v5\C51\BIN\C51.EXE motor.c OPTIMIZE(8,SPEED) BROWSE DEBUG OBJECTEXTEND PRINT(.\Listings\mot
                    -or.lst) TABS(2) OBJECT(.\Objects\motor.obj)

line level    source

   1          /**********电机的正反转**********/
   2          /*                              */
   3          /*LF左前  RF右前  LR左后  RR右后*/
   4          /*                              */
   5          /**********电机的正反转**********/
   6          
   7          #include <REGX52.H>
   8          //位定义
   9          sbit IN11 = P0^5;//左前
  10          sbit IN12 = P0^6;
  11          sbit IN13 = P0^3;//右前
  12          sbit IN14 = P0^4;
  13          sbit IN21 = P3^5;//左后
  14          sbit IN22 = P3^6;
  15          sbit IN23 = P3^3;//右后
  16          sbit IN24 = P3^4;
  17          
  18          void LF_motor_go ()    //左前电机正转
  19          {IN11 = 0;IN12 = 1;}
  20          void LF_motor_back ()  //左前电机反转
  21          {IN11 = 1;IN12 = 0;}
  22          void LF_motor_stop ()  //左前电机停止
  23          {IN11 = 1;IN12 = 1;}
  24          void RF_motor_go ()    //右前电机正转
  25          {IN13 = 0;IN14 = 1;}
  26          void RF_motor_back ()  //右前电机反转
  27          {IN13 = 1;IN14 = 0;}
  28          void RF_motor_stop ()  //右前电机停止
  29          {IN13 = 1;IN14 = 1;}
  30          void LR_motor_go ()    //左后电机正转
  31          {IN21 = 1;IN22 = 0;}
  32          void LR_motor_back ()  //左后电机反转
  33          {IN21 = 0;IN22 = 1;}
  34          void LR_motor_stop ()  //左后电机停止
  35          {IN21 = 1;IN22 = 1;}
  36          void RR_motor_go ()    //右后电机正转
  37          {IN23 = 1;IN24 = 0;}
  38          void RR_motor_back ()  //右后电机反转
  39          {IN23 = 0;IN24 = 1;}
  40          void RR_motor_stop ()  //右后电机停止
  41          {IN23 = 1;IN24 = 1;}
  42          
  43          
  44          


MODULE INFORMATION:   STATIC OVERLAYABLE
   CODE SIZE        =     60    ----
   CONSTANT SIZE    =   ----    ----
   XDATA SIZE       =   ----    ----
   PDATA SIZE       =   ----    ----
   DATA SIZE        =   ----    ----
   IDATA SIZE       =   ----    ----
   BIT SIZE         =   ----    ----
C51 COMPILER V9.60.0.0   MOTOR                                                             02/07/2022 11:32:17 PAGE 2   

END OF MODULE INFORMATION.


C51 COMPILATION COMPLETE.  0 WARNING(S),  0 ERROR(S)
