C51 COMPILER V9.60.0.0   XUNJI                                                             09/25/2022 09:20:33 PAGE 1   


C51 COMPILER V9.60.0.0, COMPILATION OF MODULE XUNJI
OBJECT MODULE PLACED IN .\Objects\xunji.obj
COMPILER INVOKED BY: D:\Keil_v5\C51\BIN\C51.EXE xunji.c OPTIMIZE(8,SPEED) BROWSE DEBUG OBJECTEXTEND PRINT(.\Listings\xun
                    -ji.lst) TABS(2) OBJECT(.\Objects\xunji.obj)

line level    source

   1          #include <REGX52.H>
   2          #include "car.h"
   3          #include <intrins.h>
   4          
   5          sbit D1 = P2^7;
   6          sbit D2 = P2^6;
   7          sbit D3 = P2^5;
   8          sbit D4 = P2^4;
   9          
  10          void Delay50ms()    //@11.0592MHz
  11          {
  12   1        unsigned char i, j;
  13   1      
  14   1        i = 90;
  15   1        j = 163;
  16   1        do
  17   1        {
  18   2          while (--j);
  19   2        } while (--i);
  20   1      }
  21          
  22          
  23          void xunji ()
  24          {
  25   1        if(D1==1&&D2==1&&D3==1&&D4==1)  //全检测到黑线
  26   1        {car_go ();}
  27   1        if(D1==0&&D2==1&&D3==0&&D4==0)  //中间右侧检测到黑线，小车偏左，小车向右移动
  28   1        {
  29   2          car_rightgo ();
  30   2          if(D1==0&&D2==0&&D3==0&&D4==0)
  31   2          {car_go ();}
  32   2        }
  33   1        if(D1==0&&D2==0&&D3==1&&D4==0)  //中间左侧检测到黑线，小车偏右，小车向左移动
  34   1        {
  35   2          car_leftgo ();
  36   2          if(D1==0&&D2==0&&D3==0&&D4==0)
  37   2          {car_go ();}
  38   2        }
  39   1        if(D1==0&&D2==0&&D3==1&&D4==1)  //直角左拐
  40   1        {
  41   2          car_go ();
  42   2          Delay50ms();
  43   2          if(D1==0&&D2==0&&D3==0&&D4==0)
  44   2          {
  45   3            car_stop();
  46   3            Delay50ms();
  47   3            car_leftstop ();
  48   3          }
  49   2        }
  50   1        if(D1==1&&D2==1&&D3==0&&D4==0)  //直角右拐
  51   1        {
  52   2          car_go ();
  53   2          Delay50ms();
  54   2          if(D1==0&&D2==0&&D3==0&&D4==0)
C51 COMPILER V9.60.0.0   XUNJI                                                             09/25/2022 09:20:33 PAGE 2   

  55   2          {
  56   3            car_stop();
  57   3            Delay50ms();
  58   3            car_rightstop ();
  59   3          }
  60   2        }
  61   1        if((D1==0&&D2==0&&D3==0&&D4==1)||(D1==0&&D2==1&&D3==0&&D4==1)||(D1==0&&D2==1&&D3==1&&D4==1))  //锐角左拐
  62   1        {
  63   2          car_go ();
  64   2          Delay50ms();
  65   2          Delay50ms();
  66   2          if(D1==0&&D2==0&&D3==0&&D4==0)
  67   2          {
  68   3            car_stop();
  69   3            Delay50ms();
  70   3            car_leftstop ();
  71   3          }
  72   2        } 
  73   1        if((D1==1&&D2==0&&D3==0&&D4==0)||(D1==1&&D2==0&&D3==1&&D4==0)||(D1==1&&D2==1&&D3==1&&D4==0))  //锐角右拐
  74   1        {
  75   2          car_go ();
  76   2          Delay50ms();
  77   2          Delay50ms();
  78   2          if(D1==0&&D2==0&&D3==0&&D4==0)
  79   2          {
  80   3            car_stop();
  81   3            Delay50ms();
  82   3            car_rightstop ();
  83   3          }
  84   2        }
  85   1        if(D1==0&&D2==1&&D3==1&&D4==0)
  86   1        {
  87   2          if(D1==1)
  88   2          {
  89   3            car_rightstop ();
  90   3          }
  91   2        }
  92   1        
  93   1        if(D1==0&&D2==1&&D3==1&&D4==0)
  94   1        {
  95   2          if(D4==1)
  96   2          {
  97   3            car_rightstop ();
  98   3          }
  99   2        }
 100   1        
 101   1      }
 102          


MODULE INFORMATION:   STATIC OVERLAYABLE
   CODE SIZE        =    331    ----
   CONSTANT SIZE    =   ----    ----
   XDATA SIZE       =   ----    ----
   PDATA SIZE       =   ----    ----
   DATA SIZE        =   ----    ----
   IDATA SIZE       =   ----    ----
   BIT SIZE         =   ----    ----
END OF MODULE INFORMATION.


C51 COMPILATION COMPLETE.  0 WARNING(S),  0 ERROR(S)
