C51 COMPILER V9.60.0.0   MAIN                                                              01/29/2022 18:22:31 PAGE 1   


C51 COMPILER V9.60.0.0, COMPILATION OF MODULE MAIN
OBJECT MODULE PLACED IN .\Objects\main.obj
COMPILER INVOKED BY: D:\Keil_v5\C51\BIN\C51.EXE main.c OPTIMIZE(8,SPEED) BROWSE DEBUG OBJECTEXTEND PRINT(.\Listings\main
                    -.lst) TABS(2) OBJECT(.\Objects\main.obj)

line level    source

   1          #include <REGX51.H>
   2          
   3          sbit IN11 = P0^5;  //左前轮位点
   4          sbit IN12 = P0^6;
   5          
   6          sbit IN13 = P0^3;  //右前轮
   7          sbit IN14 = P0^4;
   8          
   9          sbit IN21 = P3^5;  //左后轮
  10          sbit IN22 = P3^6;
  11          
  12          sbit IN23 = P3^3;  //右后轮
  13          sbit IN24 = P3^4;
  14          
  15          
  16          void main ()
  17          {
  18   1        IN11 = 0;
  19   1        IN12 = 1;
  20   1        
  21   1        IN13 = 0;
  22   1        IN14 = 1;
  23   1        
  24   1        IN21 = 1;
  25   1        IN22 = 0;
  26   1        
  27   1        IN23 = 1;
  28   1        IN24 = 0;
  29   1      }
  30          
  31          //中文乱码
  32          //判断车轮位置
  33          
  34          


MODULE INFORMATION:   STATIC OVERLAYABLE
   CODE SIZE        =     17    ----
   CONSTANT SIZE    =   ----    ----
   XDATA SIZE       =   ----    ----
   PDATA SIZE       =   ----    ----
   DATA SIZE        =   ----    ----
   IDATA SIZE       =   ----    ----
   BIT SIZE         =   ----    ----
END OF MODULE INFORMATION.


C51 COMPILATION COMPLETE.  0 WARNING(S),  0 ERROR(S)
