C51 COMPILER V9.60.0.0   MAIN                                                              02/04/2022 18:32:05 PAGE 1   


C51 COMPILER V9.60.0.0, COMPILATION OF MODULE MAIN
OBJECT MODULE PLACED IN .\Objects\main.obj
COMPILER INVOKED BY: D:\Keil_v5\C51\BIN\C51.EXE main.c OPTIMIZE(8,SPEED) BROWSE DEBUG OBJECTEXTEND PRINT(.\Listings\main
                    -.lst) TABS(2) OBJECT(.\Objects\main.obj)

line level    source

   1          #include <REGX51.H>
   2          
   3          sbit IN11 = P0^5;
   4          sbit IN12 = P0^6;
   5          sbit IN13 = P0^3;
   6          sbit IN14 = P0^4;
   7          sbit IN21 = P3^5;
   8          sbit IN22 = P3^6;
   9          sbit IN23 = P3^3;
  10          sbit IN24 = P3^4;
  11          
  12          sbit EN1A = P0^7;
  13          sbit EN1B = P0^2;
  14          sbit EN2A = P3^7;
  15          sbit EN2B = P3^2;
  16          
  17          unsigned char counter,compare;
  18          
  19          void car_go ()
  20          {
  21   1        IN11 = 0;
  22   1        IN12 = 1;
  23   1        IN13 = 0;
  24   1        IN14 = 1;
  25   1        IN21 = 1;
  26   1        IN22 = 0;
  27   1        IN23 = 1;
  28   1        IN24 = 0;
  29   1      }
  30          
  31          //定时器+中断
  32          
  33          void Timer0_Init()    //100微秒@11.0592MHz
  34          {
  35   1        TMOD &= 0xF0;   //设置定时器模式
  36   1        TMOD |= 0x01;   //设置定时器模式
  37   1        TL0 = 0xA4;   //设置定时初始值
  38   1        TH0 = 0xFF;   //设置定时初始值
  39   1        TF0 = 0;    //清除TF0标志
  40   1        TR0 = 1;    //定时器0开始计时
  41   1        ET0 = 1;  //定时器0中断允许开关
  42   1        EA = 1;  //定时器总开关
  43   1        PT0 = 0;  //定时器0中断优先级
  44   1      }
  45          
  46          
  47          
  48          void Timer0_Routine() interrupt 1  //中断函数
  49          {
  50   1      
  51   1        TL0 = 0xA4;   
  52   1        TH0 = 0xFF;   
  53   1        compare = 13;
  54   1        counter++;
C51 COMPILER V9.60.0.0   MAIN                                                              02/04/2022 18:32:05 PAGE 2   

  55   1        if (counter >= 100)
  56   1        {
  57   2          counter = 0;
  58   2        }
  59   1        if (counter < compare)
  60   1        {
  61   2          EN1A = 1;
  62   2          EN1B = 1;
  63   2          EN2A = 1;
  64   2          EN2B = 1;
  65   2        }
  66   1        else
  67   1        {
  68   2          EN1A = 0;
  69   2          EN1B = 0;
  70   2          EN2A = 0;
  71   2          EN2B = 0;
  72   2        }
  73   1      }
  74          
  75          void main ()
  76          {
  77   1        Timer0_Init();
  78   1        
  79   1        while (1)
  80   1        {
  81   2          car_go ();
  82   2        }
  83   1      }


MODULE INFORMATION:   STATIC OVERLAYABLE
   CODE SIZE        =    107    ----
   CONSTANT SIZE    =   ----    ----
   XDATA SIZE       =   ----    ----
   PDATA SIZE       =   ----    ----
   DATA SIZE        =      2    ----
   IDATA SIZE       =   ----    ----
   BIT SIZE         =   ----    ----
END OF MODULE INFORMATION.


C51 COMPILATION COMPLETE.  0 WARNING(S),  0 ERROR(S)
