C51 COMPILER V9.60.0.0   CAR                                                               02/22/2022 14:26:19 PAGE 1   


C51 COMPILER V9.60.0.0, COMPILATION OF MODULE CAR
OBJECT MODULE PLACED IN .\Objects\car.obj
COMPILER INVOKED BY: D:\Keil_v5\C51\BIN\C51.EXE car.c OPTIMIZE(8,SPEED) BROWSE DEBUG OBJECTEXTEND PRINT(.\Listings\car.l
                    -st) TABS(2) OBJECT(.\Objects\car.obj)

line level    source

   1          /************小车移动方向*************/
   2          /* 向前直行【四电机正转】            */
   3          /* 向后直行【四电机反转】            */
   4          /* 向前左拐【右电机正转，左电机停止】*/
   5          /* 向前右拐【右电机停止，左电机正转】*/
   6          /* 向后左拐【右电机反转，左电机停止】*/
   7          /* 向后右拐【右电机停止，左电机反转】*/
   8          /* 停    止【四电机停止】            */
   9          /************小车移动方向*************/
  10          
  11          #include <REGX52.H>
  12          #include "motor.h"
  13          
  14          sbit EN1A = P0^7;//左前
  15          sbit EN1B = P0^2;//右前
  16          sbit EN2A = P3^7;//左后
  17          sbit EN2B = P3^2;//右后
  18          
  19          unsigned char counter1,speed; //计数值和比较值，用于输出PWM
  20          
  21          void Timer0_Init()    //100微秒@11.0592MHz
  22          {
  23   1        TMOD = 0x11;  //设置定时器模式
  24   1        TL0 = 0xA4;   //设置定时初始值
  25   1        TH0 = 0xFF;   //设置定时初始值
  26   1        TF0 = 0;      //清除TF0标志
  27   1        TR0 = 1;      //定时器0开始计时
  28   1        ET0 = 1;      //定时器0的中端允许开关
  29   1        EA  = 1;      //定时器总开关
  30   1        PT0 = 1;      //设置定时器为高低控制优先级，1为高优先级，0为低优先级
  31   1      }
  32          void Timer0_Routine() interrupt 1  //中断函数
  33          {
  34   1      
  35   1        TL0 = 0xA4;   //设置定时初始值
  36   1        TH0 = 0xFF;   //设置定时初始值
  37   1        
  38   1        counter1++;
  39   1        if (counter1 >= 100)
  40   1        {
  41   2          counter1 = 0;
  42   2        }
  43   1        if (counter1 < speed)
  44   1        {
  45   2          EN1A = 1;
  46   2          EN1B = 1;
  47   2          EN2A = 1;
  48   2          EN2B = 1;
  49   2        }
  50   1        else
  51   1        {
  52   2          EN1A = 0;
  53   2          EN1B = 0;
  54   2          EN2A = 0;
C51 COMPILER V9.60.0.0   CAR                                                               02/22/2022 14:26:19 PAGE 2   

  55   2          EN2B = 0;
  56   2        }
  57   1      }
  58          void car_go ()        //小车向前直行
  59          {
  60   1        speed = 20;
  61   1        LF_motor_go ();
  62   1        RF_motor_go ();
  63   1        LR_motor_go ();
  64   1        RR_motor_go ();
  65   1      }
  66          void car_back ()      //小车向后直行
  67          {
  68   1        speed = 20;
  69   1        LF_motor_back ();
  70   1        RF_motor_back ();
  71   1        LR_motor_back ();
  72   1        RR_motor_back ();
  73   1      }
  74          void car_stop ()      //小车停止
  75          {
  76   1        speed = 0;
  77   1        RR_motor_stop ();
  78   1        LR_motor_stop ();
  79   1        RF_motor_stop ();
  80   1        LF_motor_stop ();
  81   1      }
  82          void car_leftgo ()    //小车向前左拐
  83          {
  84   1        speed = 25;
  85   1        RF_motor_go ();
  86   1        RR_motor_go ();
  87   1        LF_motor_stop ();
  88   1        LR_motor_stop ();
  89   1      }
  90          void car_rightgo ()   //小车向前右拐
  91          {
  92   1        speed = 25;
  93   1        LF_motor_go ();
  94   1        LR_motor_go ();
  95   1        RF_motor_stop ();
  96   1        RR_motor_stop ();
  97   1      }
  98          void car_leftback ()  //小车向后左拐
  99          {
 100   1        speed = 25;
 101   1        RR_motor_back ();
 102   1        RF_motor_back ();
 103   1        LF_motor_stop ();
 104   1        LR_motor_stop ();
 105   1      }
 106          void car_rightback () //小车向后右拐  
 107          {
 108   1        speed = 25;
 109   1        LF_motor_back ();
 110   1        LR_motor_back ();
 111   1        RF_motor_stop ();
 112   1        RR_motor_stop ();
 113   1      }
 114          void car_rightstop () //小车原地右拐
 115          {
 116   1        speed = 25;
C51 COMPILER V9.60.0.0   CAR                                                               02/22/2022 14:26:19 PAGE 3   

 117   1        LF_motor_go ();
 118   1        LR_motor_go ();
 119   1        RF_motor_back ();
 120   1        RR_motor_back ();
 121   1      }
 122          void car_leftstop () //小车原地左拐
 123          {
 124   1        speed = 25;
 125   1        LF_motor_back ();
 126   1        LR_motor_back ();
 127   1        RF_motor_go ();
 128   1        RR_motor_go ();
 129   1      }


MODULE INFORMATION:   STATIC OVERLAYABLE
   CODE SIZE        =    211    ----
   CONSTANT SIZE    =   ----    ----
   XDATA SIZE       =   ----    ----
   PDATA SIZE       =   ----    ----
   DATA SIZE        =      2    ----
   IDATA SIZE       =   ----    ----
   BIT SIZE         =   ----    ----
END OF MODULE INFORMATION.


C51 COMPILATION COMPLETE.  0 WARNING(S),  0 ERROR(S)
