C51 COMPILER V9.60.0.0   MAIN                                                              02/22/2022 14:20:54 PAGE 1   


C51 COMPILER V9.60.0.0, COMPILATION OF MODULE MAIN
OBJECT MODULE PLACED IN .\Objects\main.obj
COMPILER INVOKED BY: D:\Keil_v5\C51\BIN\C51.EXE main.c OPTIMIZE(8,SPEED) BROWSE DEBUG OBJECTEXTEND PRINT(.\Listings\main
                    -.lst) TABS(2) OBJECT(.\Objects\main.obj)

line level    source

   1          #include <REGX52.H>
   2          #include "car.h"
   3          
   4          unsigned char receiveData;  //接收到的数据存放变量
   5          
   6          void receive(unsigned char m)  //执行函数
   7          {
   8   1         switch(m)
   9   1          {
  10   2            case '2':       //前进
  11   2            car_go ();
  12   2            break;
  13   2            
  14   2            case '4':       //向前左转
  15   2            car_leftgo ();
  16   2            break;
  17   2            
  18   2            case '6':       //向前右转
  19   2            car_rightgo ();
  20   2            break;
  21   2            
  22   2            case '8':       //后退
  23   2            car_back ();
  24   2            break;
  25   2            
  26   2            case '5':       //停止
  27   2            car_stop ();
  28   2            break;
  29   2            
  30   2            case '7':       //原地左拐
  31   2            car_leftstop ();
  32   2            break;
  33   2                  
  34   2            case '9':       //原地右拐
  35   2            car_rightstop ();
  36   2            break;
  37   2          }
  38   1      }
  39          void Uart_Init()    //9600bps@11.0592MHz
  40          {
  41   1        PCON=0x00;    //关倍频 
  42   1        SCON = 0x50;    //8位数据,可变波特率
  43   1        TMOD = 0x20;    //设置定时器模式
  44   1        TL1 = 0xFd;   //设置定时初始值
  45   1        TH1 = 0xFd;   //设置定时初始值
  46   1        ET1 = 0;    //禁止定时器1中断
  47   1        TR1 = 1;    //定时器1开始计时
  48   1        EA=1;  //总中断
  49   1        ES=1;  //打开串口中断
  50   1      }
  51          void Uart_Routine() interrupt 4      //中断函数
  52          {
  53   1        car_stop ();
  54   1        RI = 0;                   //清除接收中断标志位
C51 COMPILER V9.60.0.0   MAIN                                                              02/22/2022 14:20:54 PAGE 2   

  55   1        receiveData=SBUF;         //出去接收到的数据
  56   1        receive(receiveData);
  57   1      }
  58          void main ()
  59          {
  60   1        Timer0_Init();
*** WARNING C206 IN LINE 60 OF main.c: 'Timer0_Init': missing function-prototype
  61   1        Uart_Init();
  62   1        while (1);
  63   1      }


MODULE INFORMATION:   STATIC OVERLAYABLE
   CODE SIZE        =    169    ----
   CONSTANT SIZE    =   ----    ----
   XDATA SIZE       =   ----    ----
   PDATA SIZE       =   ----    ----
   DATA SIZE        =      1    ----
   IDATA SIZE       =   ----    ----
   BIT SIZE         =   ----    ----
END OF MODULE INFORMATION.


C51 COMPILATION COMPLETE.  1 WARNING(S),  0 ERROR(S)
